Flutter crash report.
Please report a bug at https://github.com/flutter/flutter/issues.

## command

flutter run

## exception

PathAccessException: PathAccessException: Cannot delete file, path = 'build\flutter_assets\shaders/ink_sparkle.frag.spirv' (OS Error: The process cannot access the file because it is being used by another process.
, errno = 32)

```
#0      _File.throwIfError (dart:io/file_impl.dart:782:7)
#1      _File._deleteSync (dart:io/file_impl.dart:367:5)
#2      FileSystemEntity.deleteSync (dart:io/file_system_entity.dart:425:7)
#3      ForwardingFileSystemEntity.deleteSync (package:file/src/forwarding/forwarding_file_system_entity.dart:70:16)
#4      ForwardingFileSystemEntity.deleteSync (package:file/src/forwarding/forwarding_file_system_entity.dart:70:16)
#5      ErrorHandlingFileSystem.deleteIfExists (package:flutter_tools/src/base/error_handling_io.dart:90:14)
#6      ShaderCompiler.compileShader (package:flutter_tools/src/build_system/tools/shader_compiler.dart:202:29)
<asynchronous suspension>
#7      writeBundle.<anonymous closure> (package:flutter_tools/src/bundle_builder.dart:224:20)
<asynchronous suspension>
#8      Future.wait.<anonymous closure> (dart:async/future.dart:528:21)
<asynchronous suspension>
#9      writeBundle (package:flutter_tools/src/bundle_builder.dart:186:3)
<asynchronous suspension>
#10     WebDevFS.update (package:flutter_tools/src/isolated/devfs_web.dart:1039:9)
<asynchronous suspension>
#11     ResidentWebRunner._updateDevFS (package:flutter_tools/src/isolated/resident_web_runner.dart:584:35)
<asynchronous suspension>
#12     ResidentWebRunner.run.<anonymous closure> (package:flutter_tools/src/isolated/resident_web_runner.dart:329:41)
<asynchronous suspension>
#13     asyncGuard.<anonymous closure> (package:flutter_tools/src/base/async_guard.dart:109:26)
<asynchronous suspension>
```

## flutter doctor

```
[32m[✓][39m Flutter (Channel stable, 3.29.2, on Microsoft Windows
    [Version 10.0.18363.592], locale en-US) [23.0s]
    [32m•[39m Flutter version 3.29.2 on channel stable at
      C:\Users\hp\dev\flutter
    [32m•[39m Upstream repository
      https://github.com/flutter/flutter.git
    [32m•[39m Framework revision c236373904 (3 weeks ago),
      2025-03-13 16:17:06 -0400
    [32m•[39m Engine revision 18b71d647a
    [32m•[39m Dart version 3.7.2
    [32m•[39m DevTools version 2.42.3

[32m[✓][39m Windows Version (10 Pro 64-bit, 1909) [27.7s]

[33m[!][39m Android toolchain - develop for Android devices
    (Android SDK version 35.0.1) [22.6s]
    [32m•[39m Android SDK at
      C:\Users\hp\AppData\Local\Android\sdk
    [32m•[39m Platform android-35, build-tools 35.0.1
    [32m•[39m Java binary at: C:\Program Files\Common
      Files\Oracle\Java\javapath\java.exe
      This JDK was found in the system PATH.
      To manually set the JDK path, use: `flutter config
      --jdk-dir="path/to/jdk"`.
    [32m•[39m Java version Java(TM) SE Runtime Environment (build
      23.0.2+7-58)
    [31m✗[39m Android license status unknown.
      Run `flutter doctor --android-licenses` to accept
      the SDK licenses.
      See https://flutter.dev/to/windows-android-setup
      for more details.

[32m[✓][39m Chrome - develop for the web [22ms]
    [32m•[39m Chrome at C:\Program
      Files\Google\Chrome\Application\chrome.exe

[31m[✗][39m Visual Studio - develop Windows apps [20ms]
    [31m✗[39m Visual Studio not installed; this is necessary to
      develop Windows apps.
      Download at
      https://visualstudio.microsoft.com/downloads/.
      Please install the "Desktop development with C++"
      workload, including all of its default components

[33m[!][39m Android Studio (not installed) [12ms]
    [32m•[39m Android Studio not found; download from
      https://developer.android.com/studio/index.html
      (or visit
      https://flutter.dev/to/windows-android-setup for
      detailed instructions).

[32m[✓][39m VS Code (version 1.98.2) [11ms]
    [32m•[39m VS Code at
      C:\Users\hp\AppData\Local\Programs\Microsoft VS
      Code
    [32m•[39m Flutter extension version 3.106.0

[32m[✓][39m Connected device (3 available) [437ms]
    [32m•[39m Windows (desktop) • windows • windows-x64    •
      Microsoft Windows [Version 10.0.18363.592]
    [32m•[39m Chrome (web)      • chrome  • web-javascript •
      Google Chrome 134.0.6998.179
    [32m•[39m Edge (web)        • edge    • web-javascript •
      Microsoft Edge 134.0.3124.93

[32m[✓][39m Network resources [470ms]
    [32m•[39m All expected network resources are available.

[33m![39m Doctor found issues in 3 categories.
```
